<?xml version="1.0" encoding="UTF-8"?>
<testng-results skipped="0" failed="1" ignored="0" total="1" passed="0">
  <reporter-output>
  </reporter-output>
  <suite name="Default suite" duration-ms="30467" started-at="2019-01-26T16:46:44Z" finished-at="2019-01-26T16:47:15Z">
    <groups>
    </groups>
    <test name="Default test" duration-ms="30467" started-at="2019-01-26T16:46:44Z" finished-at="2019-01-26T16:47:15Z">
      <class name="in.amazon.mshop.AmazonMobileApp.TestCase_001_Find_a_kindle_product_and_add_to_cart">
        <test-method status="PASS" signature="setup()[pri:0, instance:in.amazon.mshop.AmazonMobileApp.TestCase_001_Find_a_kindle_product_and_add_to_cart@2cbb3d47]" name="setup" is-config="true" duration-ms="8103" started-at="2019-01-26T16:46:44Z" finished-at="2019-01-26T16:46:52Z">
          <reporter-output>
          </reporter-output>
        </test-method> <!-- setup -->
        <test-method status="FAIL" signature="To_Check_Kindle_Availablity()[pri:1, instance:in.amazon.mshop.AmazonMobileApp.TestCase_001_Find_a_kindle_product_and_add_to_cart@2cbb3d47]" name="To_Check_Kindle_Availablity" duration-ms="17560" started-at="2019-01-26T16:46:52Z" finished-at="2019-01-26T16:47:10Z">
          <exception class="org.openqa.selenium.NoSuchElementException">
            <message>
              <![CDATA[An element could not be located on the page using the given search parameters.
For documentation on this error, please visit: https://www.seleniumhq.org/exceptions/no_such_element.html
Build info: version: '3.141.59', revision: 'e82be7d358', time: '2018-11-14T08:17:03'
System info: host: 'DESKTOP-B7L7V38', ip: '192.168.1.203', os.name: 'Windows 10', os.arch: 'amd64', os.version: '10.0', java.version: '1.8.0_191'
Driver info: io.appium.java_client.android.AndroidDriver
Capabilities {appActivity: com.amazon.mShop.splashscre..., appPackage: in.amazon.mShop.android.sho..., browserName: , databaseEnabled: false, desired: {appActivity: com.amazon.mShop.splashscre..., appPackage: in.amazon.mShop.android.sho..., browserName: , deviceName: Honor Play, noReset: false, platform: ANDROID, platformName: android, version: }, deviceManufacturer: HUAWEI, deviceModel: COR-AL00, deviceName: 58H3Y18720007355, deviceScreenSize: 1080x2340, deviceUDID: 58H3Y18720007355, javascriptEnabled: true, locationContextEnabled: false, networkConnectionEnabled: true, noReset: false, platform: ANDROID, platformName: ANDROID, platformVersion: 9, takesScreenshot: true, version: , warnings: {}, webStorageEnabled: false}
Session ID: 3bf5db66-bd23-473b-8e71-f4a8b9bb5ab9
*** Element info: {Using=-android uiautomator, value=new UiScrollable(new UiSelector()).scrollIntoView(new UiSelector().text("Add to Cart"));}]]>
            </message>
            <full-stacktrace>
              <![CDATA[org.openqa.selenium.NoSuchElementException: An element could not be located on the page using the given search parameters.
For documentation on this error, please visit: https://www.seleniumhq.org/exceptions/no_such_element.html
Build info: version: '3.141.59', revision: 'e82be7d358', time: '2018-11-14T08:17:03'
System info: host: 'DESKTOP-B7L7V38', ip: '192.168.1.203', os.name: 'Windows 10', os.arch: 'amd64', os.version: '10.0', java.version: '1.8.0_191'
Driver info: io.appium.java_client.android.AndroidDriver
Capabilities {appActivity: com.amazon.mShop.splashscre..., appPackage: in.amazon.mShop.android.sho..., browserName: , databaseEnabled: false, desired: {appActivity: com.amazon.mShop.splashscre..., appPackage: in.amazon.mShop.android.sho..., browserName: , deviceName: Honor Play, noReset: false, platform: ANDROID, platformName: android, version: }, deviceManufacturer: HUAWEI, deviceModel: COR-AL00, deviceName: 58H3Y18720007355, deviceScreenSize: 1080x2340, deviceUDID: 58H3Y18720007355, javascriptEnabled: true, locationContextEnabled: false, networkConnectionEnabled: true, noReset: false, platform: ANDROID, platformName: ANDROID, platformVersion: 9, takesScreenshot: true, version: , warnings: {}, webStorageEnabled: false}
Session ID: 3bf5db66-bd23-473b-8e71-f4a8b9bb5ab9
*** Element info: {Using=-android uiautomator, value=new UiScrollable(new UiSelector()).scrollIntoView(new UiSelector().text("Add to Cart"));}
at sun.reflect.NativeConstructorAccessorImpl.newInstance0(Native Method)
at sun.reflect.NativeConstructorAccessorImpl.newInstance(Unknown Source)
at sun.reflect.DelegatingConstructorAccessorImpl.newInstance(Unknown Source)
at java.lang.reflect.Constructor.newInstance(Unknown Source)
at org.openqa.selenium.remote.http.W3CHttpResponseCodec.createException(W3CHttpResponseCodec.java:187)
at org.openqa.selenium.remote.http.W3CHttpResponseCodec.decode(W3CHttpResponseCodec.java:122)
at org.openqa.selenium.remote.http.W3CHttpResponseCodec.decode(W3CHttpResponseCodec.java:49)
at org.openqa.selenium.remote.HttpCommandExecutor.execute(HttpCommandExecutor.java:158)
at io.appium.java_client.remote.AppiumCommandExecutor.execute(AppiumCommandExecutor.java:218)
at org.openqa.selenium.remote.RemoteWebDriver.execute(RemoteWebDriver.java:552)
at io.appium.java_client.DefaultGenericMobileDriver.execute(DefaultGenericMobileDriver.java:42)
at io.appium.java_client.AppiumDriver.execute(AppiumDriver.java:1)
at io.appium.java_client.android.AndroidDriver.execute(AndroidDriver.java:1)
at org.openqa.selenium.remote.RemoteWebElement.execute(RemoteWebElement.java:285)
at io.appium.java_client.DefaultGenericMobileElement.execute(DefaultGenericMobileElement.java:45)
at io.appium.java_client.MobileElement.execute(MobileElement.java:1)
at io.appium.java_client.android.AndroidElement.execute(AndroidElement.java:1)
at org.openqa.selenium.remote.RemoteWebElement.findElement(RemoteWebElement.java:185)
at io.appium.java_client.DefaultGenericMobileElement.findElement(DefaultGenericMobileElement.java:65)
at io.appium.java_client.MobileElement.findElement(MobileElement.java:1)
at io.appium.java_client.android.AndroidElement.findElement(AndroidElement.java:1)
at io.appium.java_client.FindsByAndroidUIAutomator.findElementByAndroidUIAutomator(FindsByAndroidUIAutomator.java:38)
at base.CommonMethod.scrollToExactElement(CommonMethod.java:53)
at pages.AddToCart.check_availability(AddToCart.java:36)
at in.amazon.mshop.AmazonMobileApp.TestCase_001_Find_a_kindle_product_and_add_to_cart.To_Check_Kindle_Availablity(TestCase_001_Find_a_kindle_product_and_add_to_cart.java:43)
at sun.reflect.NativeMethodAccessorImpl.invoke0(Native Method)
at sun.reflect.NativeMethodAccessorImpl.invoke(Unknown Source)
at sun.reflect.DelegatingMethodAccessorImpl.invoke(Unknown Source)
at java.lang.reflect.Method.invoke(Unknown Source)
at org.testng.internal.MethodInvocationHelper.invokeMethod(MethodInvocationHelper.java:124)
at org.testng.internal.Invoker.invokeMethod(Invoker.java:583)
at org.testng.internal.Invoker.invokeTestMethod(Invoker.java:719)
at org.testng.internal.Invoker.invokeTestMethods(Invoker.java:989)
at org.testng.internal.TestMethodWorker.invokeTestMethods(TestMethodWorker.java:125)
at org.testng.internal.TestMethodWorker.run(TestMethodWorker.java:109)
at org.testng.TestRunner.privateRun(TestRunner.java:648)
at org.testng.TestRunner.run(TestRunner.java:505)
at org.testng.SuiteRunner.runTest(SuiteRunner.java:455)
at org.testng.SuiteRunner.runSequentially(SuiteRunner.java:450)
at org.testng.SuiteRunner.privateRun(SuiteRunner.java:415)
at org.testng.SuiteRunner.run(SuiteRunner.java:364)
at org.testng.SuiteRunnerWorker.runSuite(SuiteRunnerWorker.java:52)
at org.testng.SuiteRunnerWorker.run(SuiteRunnerWorker.java:84)
at org.testng.TestNG.runSuitesSequentially(TestNG.java:1208)
at org.testng.TestNG.runSuitesLocally(TestNG.java:1137)
at org.testng.TestNG.runSuites(TestNG.java:1049)
at org.testng.TestNG.run(TestNG.java:1017)
at org.testng.remote.AbstractRemoteTestNG.run(AbstractRemoteTestNG.java:114)
at org.testng.remote.RemoteTestNG.initAndRun(RemoteTestNG.java:251)
at org.testng.remote.RemoteTestNG.main(RemoteTestNG.java:77)
]]>
            </full-stacktrace>
          </exception> <!-- org.openqa.selenium.NoSuchElementException -->
          <reporter-output>
          </reporter-output>
        </test-method> <!-- To_Check_Kindle_Availablity -->
        <test-method status="PASS" signature="tearDown(org.testng.ITestResult)[pri:0, instance:in.amazon.mshop.AmazonMobileApp.TestCase_001_Find_a_kindle_product_and_add_to_cart@2cbb3d47]" name="tearDown" is-config="true" duration-ms="4423" started-at="2019-01-26T16:47:10Z" finished-at="2019-01-26T16:47:15Z">
          <params>
            <param index="0">
              <value>
                <![CDATA[[TestResult name=To_Check_Kindle_Availablity status=FAILURE method=TestCase_001_Find_a_kindle_product_and_add_to_cart.To_Check_Kindle_Availablity()[pri:1, instance:in.amazon.mshop.AmazonMobileApp.TestCase_001_Find_a_kindle_product_and_add_to_cart@2cbb3d47] output={null}]]]>
              </value>
            </param>
          </params>
          <reporter-output>
          </reporter-output>
        </test-method> <!-- tearDown -->
      </class> <!-- in.amazon.mshop.AmazonMobileApp.TestCase_001_Find_a_kindle_product_and_add_to_cart -->
    </test> <!-- Default test -->
  </suite> <!-- Default suite -->
</testng-results>
